\BOOKMARK [0][]{chapter*.1}{\376\377\000P\000r\000e\000f\000a\000z\000i\000o\000n\000e}{}% 1
\BOOKMARK [0][]{chapter.1}{\376\377\000I\000n\000t\000r\000o\000d\000u\000z\000i\000o\000n\000e}{}% 2
\BOOKMARK [1][]{section.1.1}{\376\377\000C\000o\000n\000t\000e\000s\000t\000o\000\040\000e\000\040\000M\000o\000t\000i\000v\000a\000z\000i\000o\000n\000e\000\040\000d\000e\000l\000l\000a\000\040\000R\000i\000c\000e\000r\000c\000a}{chapter.1}% 3
\BOOKMARK [2][]{subsection.1.1.1}{\376\377\000L\000a\000\040\000C\000o\000m\000p\000l\000e\000s\000s\000i\000t\000\340\000\040\000S\000i\000s\000t\000e\000m\000i\000c\000a\000\040\000d\000e\000l\000l\000a\000\040\000G\000r\000a\000n\000d\000e\000\040\000D\000i\000s\000t\000r\000i\000b\000u\000z\000i\000o\000n\000e\000\040\000O\000r\000g\000a\000n\000i\000z\000z\000a\000t\000a}{section.1.1}% 4
\BOOKMARK [2][]{subsection.1.1.2}{\376\377\000L\000'\000E\000v\000o\000l\000u\000z\000i\000o\000n\000e\000\040\000d\000e\000l\000\040\000P\000a\000n\000o\000r\000a\000m\000a\000\040\000T\000e\000c\000n\000o\000l\000o\000g\000i\000c\000o\000\040\000e\000\040\000d\000e\000l\000l\000e\000\040\000M\000i\000n\000a\000c\000c\000e}{section.1.1}% 5
\BOOKMARK [1][]{section.1.2}{\376\377\000P\000r\000o\000b\000l\000e\000m\000a\000\040\000d\000i\000\040\000R\000i\000c\000e\000r\000c\000a\000\040\000e\000\040\000G\000a\000p\000\040\000S\000c\000i\000e\000n\000t\000i\000f\000i\000c\000o}{chapter.1}% 6
\BOOKMARK [1][]{section.1.3}{\376\377\000O\000b\000i\000e\000t\000t\000i\000v\000i\000\040\000e\000\040\000C\000o\000n\000t\000r\000i\000b\000u\000t\000i\000\040\000O\000r\000i\000g\000i\000n\000a\000l\000i\000\040\000A\000t\000t\000e\000s\000i}{chapter.1}% 7
\BOOKMARK [2][]{subsection.1.3.1}{\376\377\000O\000b\000i\000e\000t\000t\000i\000v\000o\000\040\000G\000e\000n\000e\000r\000a\000l\000e}{section.1.3}% 8
\BOOKMARK [2][]{subsection.1.3.2}{\376\377\000O\000b\000i\000e\000t\000t\000i\000v\000i\000\040\000S\000p\000e\000c\000i\000f\000i\000c\000i\000\040\000e\000\040\000M\000i\000s\000u\000r\000a\000b\000i\000l\000i}{section.1.3}% 9
\BOOKMARK [2][]{subsection.1.3.3}{\376\377\000C\000o\000n\000t\000r\000i\000b\000u\000t\000i\000\040\000O\000r\000i\000g\000i\000n\000a\000l\000i\000\040\000A\000t\000t\000e\000s\000i}{section.1.3}% 10
\BOOKMARK [1][]{section.1.4}{\376\377\000I\000p\000o\000t\000e\000s\000i\000\040\000d\000i\000\040\000R\000i\000c\000e\000r\000c\000a}{chapter.1}% 11
\BOOKMARK [1][]{section.1.5}{\376\377\000M\000e\000t\000o\000d\000o\000l\000o\000g\000i\000a\000\040\000d\000e\000l\000l\000a\000\040\000R\000i\000c\000e\000r\000c\000a}{chapter.1}% 12
\BOOKMARK [1][]{section.1.6}{\376\377\000S\000t\000r\000u\000t\000t\000u\000r\000a\000\040\000d\000e\000l\000l\000a\000\040\000t\000e\000s\000i}{chapter.1}% 13
\BOOKMARK [0][]{chapter.2}{\376\377\000T\000h\000r\000e\000a\000t\000\040\000L\000a\000n\000d\000s\000c\000a\000p\000e\000\040\000e\000\040\000S\000i\000c\000u\000r\000e\000z\000z\000a\000\040\000D\000i\000s\000t\000r\000i\000b\000u\000i\000t\000a\000\040\000n\000e\000l\000l\000a\000\040\000G\000D\000O}{}% 14
\BOOKMARK [1][]{section.2.1}{\376\377\000I\000n\000t\000r\000o\000d\000u\000z\000i\000o\000n\000e\000\040\000e\000\040\000O\000b\000i\000e\000t\000t\000i\000v\000i\000\040\000d\000e\000l\000\040\000C\000a\000p\000i\000t\000o\000l\000o}{chapter.2}% 15
\BOOKMARK [1][]{section.2.2}{\376\377\000C\000a\000r\000a\000t\000t\000e\000r\000i\000z\000z\000a\000z\000i\000o\000n\000e\000\040\000d\000e\000l\000l\000a\000\040\000S\000u\000p\000e\000r\000f\000i\000c\000i\000e\000\040\000d\000i\000\040\000A\000t\000t\000a\000c\000c\000o\000\040\000n\000e\000l\000l\000a\000\040\000G\000D\000O}{chapter.2}% 16
\BOOKMARK [2][]{subsection.2.2.1}{\376\377\000M\000o\000d\000e\000l\000l\000a\000z\000i\000o\000n\000e\000\040\000d\000e\000l\000l\000a\000\040\000V\000u\000l\000n\000e\000r\000a\000b\000i\000l\000i\000t\000\340\000\040\000D\000i\000s\000t\000r\000i\000b\000u\000i\000t\000a}{section.2.2}% 17
\BOOKMARK [2][]{subsection.2.2.2}{\376\377\000A\000n\000a\000l\000i\000s\000i\000\040\000d\000e\000i\000\040\000F\000a\000t\000t\000o\000r\000i\000\040\000d\000i\000\040\000V\000u\000l\000n\000e\000r\000a\000b\000i\000l\000i\000t\000\340\000\040\000S\000p\000e\000c\000i\000f\000i\000c\000i}{section.2.2}% 18
\BOOKMARK [2][]{subsection.2.2.3}{\376\377\000I\000l\000\040\000F\000a\000t\000t\000o\000r\000e\000\040\000U\000m\000a\000n\000o\000\040\000c\000o\000m\000e\000\040\000M\000o\000l\000t\000i\000p\000l\000i\000c\000a\000t\000o\000r\000e\000\040\000d\000i\000\040\000R\000i\000s\000c\000h\000i\000o}{section.2.2}% 19
\BOOKMARK [1][]{section.2.3}{\376\377\000A\000n\000a\000t\000o\000m\000i\000a\000\040\000d\000e\000g\000l\000i\000\040\000A\000t\000t\000a\000c\000c\000h\000i\000\040\000e\000\040\000P\000a\000t\000t\000e\000r\000n\000\040\000E\000v\000o\000l\000u\000t\000i\000v\000i}{chapter.2}% 20
\BOOKMARK [2][]{subsection.2.3.1}{\376\377\000M\000o\000d\000e\000l\000l\000a\000z\000i\000o\000n\000e\000\040\000d\000e\000l\000l\000a\000\040\000P\000r\000o\000p\000a\000g\000a\000z\000i\000o\000n\000e\000\040\000i\000n\000\040\000A\000m\000b\000i\000e\000n\000t\000i\000\040\000D\000i\000s\000t\000r\000i\000b\000u\000i\000t\000i}{section.2.3}% 21
\BOOKMARK [1][]{section.2.4}{\376\377\000A\000r\000c\000h\000i\000t\000e\000t\000t\000u\000r\000e\000\040\000D\000i\000f\000e\000n\000s\000i\000v\000e\000\040\000E\000m\000e\000r\000g\000e\000n\000t\000i\000:\000\040\000i\000l\000\040\000P\000a\000r\000a\000d\000i\000g\000m\000a\000\040\000Z\000e\000r\000o\000\040\000T\000r\000u\000s\000t\000\040\000n\000e\000l\000\040\000C\000o\000n\000t\000e\000s\000t\000o\000\040\000G\000D\000O}{chapter.2}% 22
\BOOKMARK [1][]{section.2.5}{\376\377\000C\000o\000n\000c\000l\000u\000s\000i\000o\000n\000i\000\040\000d\000e\000l\000\040\000C\000a\000p\000i\000t\000o\000l\000o\000\040\000e\000\040\000P\000r\000i\000n\000c\000i\000p\000i\000\040\000d\000i\000\040\000P\000r\000o\000g\000e\000t\000t\000a\000z\000i\000o\000n\000e}{chapter.2}% 23
\BOOKMARK [1][]{Item.11}{\376\377\000R\000i\000f\000e\000r\000i\000m\000e\000n\000t\000i\000\040\000B\000i\000b\000l\000i\000o\000g\000r\000a\000f\000i\000c\000i}{chapter.2}% 24
\BOOKMARK [0][]{chapter.3}{\376\377\000E\000v\000o\000l\000u\000z\000i\000o\000n\000e\000\040\000I\000n\000f\000r\000a\000s\000t\000r\000u\000t\000t\000u\000r\000a\000l\000e\000:\000\040\000D\000a\000l\000l\000e\000\040\000F\000o\000n\000d\000a\000m\000e\000n\000t\000a\000\040\000F\000i\000s\000i\000c\000h\000e\000\040\000a\000l\000\040\000C\000l\000o\000u\000d\000\040\000I\000n\000t\000e\000l\000l\000i\000g\000e\000n\000t\000e}{}% 25
\BOOKMARK [1][]{section.3.1}{\376\377\000I\000n\000t\000r\000o\000d\000u\000z\000i\000o\000n\000e\000\040\000e\000\040\000F\000r\000a\000m\000e\000w\000o\000r\000k\000\040\000T\000e\000o\000r\000i\000c\000o}{chapter.3}% 26
\BOOKMARK [2][]{subsection.3.1.1}{\376\377\000P\000o\000s\000i\000z\000i\000o\000n\000a\000m\000e\000n\000t\000o\000\040\000n\000e\000l\000\040\000C\000o\000n\000t\000e\000s\000t\000o\000\040\000d\000e\000l\000l\000a\000\040\000R\000i\000c\000e\000r\000c\000a}{section.3.1}% 27
\BOOKMARK [2][]{subsection.3.1.2}{\376\377\000M\000o\000d\000e\000l\000l\000o\000\040\000T\000e\000o\000r\000i\000c\000o\000\040\000d\000e\000l\000l\000'\000E\000v\000o\000l\000u\000z\000i\000o\000n\000e\000\040\000I\000n\000f\000r\000a\000s\000t\000r\000u\000t\000t\000u\000r\000a\000l\000e}{section.3.1}% 28
\BOOKMARK [1][]{section.3.2}{\376\377\000I\000n\000f\000r\000a\000s\000t\000r\000u\000t\000t\000u\000r\000a\000\040\000F\000i\000s\000i\000c\000a\000:\000\040\000Q\000u\000a\000n\000t\000i\000f\000i\000c\000a\000z\000i\000o\000n\000e\000\040\000d\000e\000l\000l\000a\000\040\000C\000r\000i\000t\000i\000c\000i\000t\000\340\000\040\000F\000o\000u\000n\000d\000a\000t\000i\000o\000n\000a\000l}{chapter.3}% 29
\BOOKMARK [2][]{subsection.3.2.1}{\376\377\000M\000o\000d\000e\000l\000l\000a\000z\000i\000o\000n\000e\000\040\000d\000e\000l\000l\000'\000A\000f\000f\000i\000d\000a\000b\000i\000l\000i\000t\000\340\000\040\000d\000e\000i\000\040\000S\000i\000s\000t\000e\000m\000i\000\040\000d\000i\000\040\000A\000l\000i\000m\000e\000n\000t\000a\000z\000i\000o\000n\000e}{section.3.2}% 30
\BOOKMARK [2][]{subsection.3.2.2}{\376\377\000O\000t\000t\000i\000m\000i\000z\000z\000a\000z\000i\000o\000n\000e\000\040\000d\000e\000i\000\040\000S\000i\000s\000t\000e\000m\000i\000\040\000d\000i\000\040\000R\000a\000f\000f\000r\000e\000d\000d\000a\000m\000e\000n\000t\000o\000\040\000e\000\040\000I\000m\000p\000a\000t\000t\000o\000\040\000s\000u\000l\000l\000a\000\040\000S\000o\000s\000t\000e\000n\000i\000b\000i\000l\000i\000t\000\340}{section.3.2}% 31
\BOOKMARK [1][]{section.3.3}{\376\377\000E\000v\000o\000l\000u\000z\000i\000o\000n\000e\000\040\000d\000e\000l\000l\000e\000\040\000A\000r\000c\000h\000i\000t\000e\000t\000t\000u\000r\000e\000\040\000d\000i\000\040\000R\000e\000t\000e\000:\000\040\000D\000a\000l\000\040\000L\000e\000g\000a\000c\000y\000\040\000a\000l\000\040\000S\000o\000f\000t\000w\000a\000r\000e\000-\000D\000e\000f\000i\000n\000e\000d}{chapter.3}% 32
\BOOKMARK [2][]{subsection.3.3.1}{\376\377\000A\000n\000a\000l\000i\000s\000i\000\040\000C\000o\000m\000p\000a\000r\000a\000t\000i\000v\000a\000\040\000d\000e\000l\000l\000e\000\040\000T\000o\000p\000o\000l\000o\000g\000i\000e\000\040\000d\000i\000\040\000R\000e\000t\000e}{section.3.3}% 33
\BOOKMARK [2][]{subsection.3.3.2}{\376\377\000I\000m\000p\000l\000e\000m\000e\000n\000t\000a\000z\000i\000o\000n\000e\000\040\000d\000i\000\040\000E\000d\000g\000e\000\040\000C\000o\000m\000p\000u\000t\000i\000n\000g\000\040\000e\000\040\000L\000a\000t\000e\000n\000z\000a\000\040\000A\000p\000p\000l\000i\000c\000a\000t\000i\000v\000a}{section.3.3}% 34
\BOOKMARK [1][]{section.3.4}{\376\377\000T\000r\000a\000s\000f\000o\000r\000m\000a\000z\000i\000o\000n\000e\000\040\000C\000l\000o\000u\000d\000:\000\040\000S\000t\000r\000a\000t\000e\000g\000i\000e\000,\000\040\000E\000c\000o\000n\000o\000m\000i\000c\000s\000\040\000e\000\040\000R\000i\000s\000k\000\040\000M\000a\000n\000a\000g\000e\000m\000e\000n\000t}{chapter.3}% 35
\BOOKMARK [2][]{subsection.3.4.1}{\376\377\000M\000o\000d\000e\000l\000l\000a\000z\000i\000o\000n\000e\000\040\000E\000c\000o\000n\000o\000m\000i\000c\000a\000\040\000d\000e\000l\000l\000a\000\040\000M\000i\000g\000r\000a\000z\000i\000o\000n\000e\000\040\000C\000l\000o\000u\000d}{section.3.4}% 36
\BOOKMARK [2][]{subsection.3.4.2}{\376\377\000A\000r\000c\000h\000i\000t\000e\000t\000t\000u\000r\000e\000\040\000M\000u\000l\000t\000i\000-\000C\000l\000o\000u\000d\000\040\000e\000\040\000V\000e\000n\000d\000o\000r\000\040\000L\000o\000c\000k\000-\000i\000n\000\040\000M\000i\000t\000i\000g\000a\000t\000i\000o\000n}{section.3.4}% 37
\BOOKMARK [1][]{section.3.5}{\376\377\000Z\000e\000r\000o\000\040\000T\000r\000u\000s\000t\000\040\000A\000r\000c\000h\000i\000t\000e\000c\000t\000u\000r\000e\000:\000\040\000I\000m\000p\000l\000e\000m\000e\000n\000t\000a\000z\000i\000o\000n\000e\000\040\000e\000\040\000I\000m\000p\000a\000t\000t\000o\000\040\000O\000p\000e\000r\000a\000t\000i\000v\000o}{chapter.3}% 38
\BOOKMARK [2][]{subsection.3.5.1}{\376\377\000Q\000u\000a\000n\000t\000i\000f\000i\000c\000a\000z\000i\000o\000n\000e\000\040\000d\000e\000l\000l\000a\000\040\000R\000i\000d\000u\000z\000i\000o\000n\000e\000\040\000d\000e\000l\000l\000a\000\040\000S\000u\000p\000e\000r\000f\000i\000c\000i\000e\000\040\000d\000i\000\040\000A\000t\000t\000a\000c\000c\000o}{section.3.5}% 39
\BOOKMARK [2][]{subsection.3.5.2}{\376\377\000O\000r\000c\000h\000e\000s\000t\000r\000a\000z\000i\000o\000n\000e\000\040\000d\000e\000l\000l\000e\000\040\000P\000o\000l\000i\000c\000y\000\040\000e\000\040\000A\000u\000t\000o\000m\000a\000z\000i\000o\000n\000e}{section.3.5}% 40
\BOOKMARK [1][]{section.3.6}{\376\377\000P\000e\000r\000f\000o\000r\000m\000a\000n\000c\000e\000\040\000e\000\040\000R\000e\000s\000i\000l\000i\000e\000n\000z\000a\000:\000\040\000M\000e\000t\000r\000i\000c\000h\000e\000\040\000e\000\040\000O\000t\000t\000i\000m\000i\000z\000z\000a\000z\000i\000o\000n\000e}{chapter.3}% 41
\BOOKMARK [2][]{subsection.3.6.1}{\376\377\000F\000r\000a\000m\000e\000w\000o\000r\000k\000\040\000d\000i\000\040\000M\000i\000s\000u\000r\000a\000z\000i\000o\000n\000e\000\040\000d\000e\000l\000l\000a\000\040\000M\000a\000t\000u\000r\000i\000t\000\340\000\040\000I\000n\000f\000r\000a\000s\000t\000r\000u\000t\000t\000u\000r\000a\000l\000e}{section.3.6}% 42
\BOOKMARK [2][]{subsection.3.6.2}{\376\377\000R\000o\000a\000d\000m\000a\000p\000\040\000O\000t\000t\000i\000m\000i\000z\000z\000a\000t\000a\000:\000\040\000S\000e\000q\000u\000e\000n\000z\000i\000a\000m\000e\000n\000t\000o\000\040\000d\000e\000g\000l\000i\000\040\000I\000n\000t\000e\000r\000v\000e\000n\000t\000i}{section.3.6}% 43
\BOOKMARK [1][]{section.3.7}{\376\377\000C\000o\000n\000c\000l\000u\000s\000i\000o\000n\000i\000\040\000e\000\040\000I\000m\000p\000l\000i\000c\000a\000z\000i\000o\000n\000i\000\040\000p\000e\000r\000\040\000l\000a\000\040\000R\000i\000c\000e\000r\000c\000a}{chapter.3}% 44
\BOOKMARK [2][]{subsection.3.7.1}{\376\377\000S\000i\000n\000t\000e\000s\000i\000\040\000d\000e\000l\000l\000e\000\040\000E\000v\000i\000d\000e\000n\000z\000e\000\040\000p\000e\000r\000\040\000l\000a\000\040\000V\000a\000l\000i\000d\000a\000z\000i\000o\000n\000e\000\040\000d\000e\000l\000l\000e\000\040\000I\000p\000o\000t\000e\000s\000i}{section.3.7}% 45
\BOOKMARK [2][]{subsection.3.7.2}{\376\377\000L\000i\000m\000i\000t\000a\000z\000i\000o\000n\000i\000\040\000e\000\040\000D\000i\000r\000e\000z\000i\000o\000n\000i\000\040\000F\000u\000t\000u\000r\000e}{section.3.7}% 46
\BOOKMARK [2][]{subsection.3.7.3}{\376\377\000B\000r\000i\000d\000g\000e\000\040\000v\000e\000r\000s\000o\000\040\000i\000l\000\040\000C\000a\000p\000i\000t\000o\000l\000o\000\040\0004}{section.3.7}% 47
\BOOKMARK [0][]{chapter.4}{\376\377\000C\000o\000m\000p\000l\000i\000a\000n\000c\000e\000\040\000I\000n\000t\000e\000g\000r\000a\000t\000a\000\040\000e\000\040\000G\000o\000v\000e\000r\000n\000a\000n\000c\000e\000:\000\040\000O\000t\000t\000i\000m\000i\000z\000z\000a\000z\000i\000o\000n\000e\000\040\000a\000t\000t\000r\000a\000v\000e\000r\000s\000o\000\040\000S\000i\000n\000e\000r\000g\000i\000e\000\040\000N\000o\000r\000m\000a\000t\000i\000v\000e}{}% 48
\BOOKMARK [1][]{section.4.1}{\376\377\000I\000n\000t\000r\000o\000d\000u\000z\000i\000o\000n\000e\000\040\000e\000\040\000P\000o\000s\000i\000z\000i\000o\000n\000a\000m\000e\000n\000t\000o\000\040\000n\000e\000l\000\040\000F\000r\000a\000m\000e\000w\000o\000r\000k\000\040\000d\000i\000\040\000R\000i\000c\000e\000r\000c\000a}{chapter.4}% 49
\BOOKMARK [2][]{subsection.4.1.1}{\376\377\000D\000a\000l\000l\000a\000\040\000S\000i\000c\000u\000r\000e\000z\000z\000a\000\040\000I\000n\000f\000r\000a\000s\000t\000r\000u\000t\000t\000u\000r\000a\000l\000e\000\040\000a\000l\000l\000a\000\040\000C\000o\000n\000f\000o\000r\000m\000i\000t\000\340\000\040\000S\000i\000s\000t\000e\000m\000i\000c\000a}{section.4.1}% 50
\BOOKMARK [2][]{subsection.4.1.2}{\376\377\000F\000r\000a\000m\000e\000w\000o\000r\000k\000\040\000T\000e\000o\000r\000i\000c\000o\000\040\000p\000e\000r\000\040\000l\000a\000\040\000C\000o\000m\000p\000l\000i\000a\000n\000c\000e\000\040\000I\000n\000t\000e\000g\000r\000a\000t\000a}{section.4.1}% 51
\BOOKMARK [1][]{section.4.2}{\376\377\000A\000n\000a\000l\000i\000s\000i\000\040\000Q\000u\000a\000n\000t\000i\000t\000a\000t\000i\000v\000a\000\040\000d\000e\000l\000\040\000P\000a\000n\000o\000r\000a\000m\000a\000\040\000N\000o\000r\000m\000a\000t\000i\000v\000o\000\040\000G\000D\000O}{chapter.4}% 52
\BOOKMARK [2][]{subsection.4.2.1}{\376\377\000P\000C\000I\000-\000D\000S\000S\000\040\0004\000.\0000\000:\000\040\000I\000m\000p\000a\000t\000t\000o\000\040\000E\000c\000o\000n\000o\000m\000i\000c\000o\000\040\000d\000e\000l\000l\000a\000\040\000T\000r\000a\000n\000s\000i\000z\000i\000o\000n\000e}{section.4.2}% 53
\BOOKMARK [2][]{subsection.4.2.2}{\376\377\000G\000D\000P\000R\000:\000\040\000O\000l\000t\000r\000e\000\040\000l\000a\000\040\000P\000r\000i\000v\000a\000c\000y\000,\000\040\000v\000e\000r\000s\000o\000\040\000l\000a\000\040\000D\000a\000t\000a\000\040\000G\000o\000v\000e\000r\000n\000a\000n\000c\000e}{section.4.2}% 54
\BOOKMARK [2][]{subsection.4.2.3}{\376\377\000N\000I\000S\0002\000:\000\040\000R\000e\000s\000i\000l\000i\000e\000n\000z\000a\000\040\000O\000p\000e\000r\000a\000t\000i\000v\000a\000\040\000e\000\040\000G\000e\000s\000t\000i\000o\000n\000e\000\040\000d\000e\000l\000\040\000R\000i\000s\000c\000h\000i\000o\000\040\000S\000i\000s\000t\000e\000m\000i\000c\000o}{section.4.2}% 55
\BOOKMARK [1][]{section.4.3}{\376\377\000M\000o\000d\000e\000l\000l\000o\000\040\000d\000i\000\040\000O\000t\000t\000i\000m\000i\000z\000z\000a\000z\000i\000o\000n\000e\000\040\000p\000e\000r\000\040\000l\000a\000\040\000C\000o\000m\000p\000l\000i\000a\000n\000c\000e\000\040\000I\000n\000t\000e\000g\000r\000a\000t\000a}{chapter.4}% 56
\BOOKMARK [2][]{subsection.4.3.1}{\376\377\000F\000o\000r\000m\000u\000l\000a\000z\000i\000o\000n\000e\000\040\000d\000e\000l\000\040\000P\000r\000o\000b\000l\000e\000m\000a\000\040\000d\000i\000\040\000O\000t\000t\000i\000m\000i\000z\000z\000a\000z\000i\000o\000n\000e}{section.4.3}% 57
\BOOKMARK [2][]{subsection.4.3.2}{\376\377\000A\000n\000a\000l\000i\000s\000i\000\040\000d\000e\000l\000l\000e\000\040\000S\000i\000n\000e\000r\000g\000i\000e\000\040\000e\000\040\000d\000e\000i\000\040\000T\000r\000a\000d\000e\000-\000o\000f\000f}{section.4.3}% 58
\BOOKMARK [1][]{section.4.4}{\376\377\000A\000r\000c\000h\000i\000t\000e\000t\000t\000u\000r\000a\000\040\000d\000i\000\040\000G\000o\000v\000e\000r\000n\000a\000n\000c\000e\000\040\000U\000n\000i\000f\000i\000c\000a\000t\000a}{chapter.4}% 59
\BOOKMARK [2][]{subsection.4.4.1}{\376\377\000D\000e\000s\000i\000g\000n\000\040\000P\000a\000t\000t\000e\000r\000n\000\040\000p\000e\000r\000\040\000C\000o\000m\000p\000l\000i\000a\000n\000c\000e\000-\000b\000y\000-\000D\000e\000s\000i\000g\000n}{section.4.4}% 60
\BOOKMARK [2][]{subsection.4.4.2}{\376\377\000A\000u\000t\000o\000m\000a\000z\000i\000o\000n\000e\000\040\000d\000e\000l\000l\000a\000\040\000C\000o\000m\000p\000l\000i\000a\000n\000c\000e\000\040\000a\000t\000t\000r\000a\000v\000e\000r\000s\000o\000\040\000P\000o\000l\000i\000c\000y\000-\000a\000s\000-\000C\000o\000d\000e}{section.4.4}% 61
\BOOKMARK [1][]{section.4.5}{\376\377\000M\000e\000t\000r\000i\000c\000h\000e\000\040\000e\000\040\000K\000P\000I\000\040\000p\000e\000r\000\040\000l\000a\000\040\000G\000o\000v\000e\000r\000n\000a\000n\000c\000e\000\040\000I\000n\000t\000e\000g\000r\000a\000t\000a}{chapter.4}% 62
\BOOKMARK [2][]{subsection.4.5.1}{\376\377\000F\000r\000a\000m\000e\000w\000o\000r\000k\000\040\000d\000i\000\040\000M\000i\000s\000u\000r\000a\000z\000i\000o\000n\000e\000\040\000M\000u\000l\000t\000i\000-\000D\000i\000m\000e\000n\000s\000i\000o\000n\000a\000l\000e}{section.4.5}% 63
\BOOKMARK [2][]{subsection.4.5.2}{\376\377\000R\000O\000I\000\040\000d\000e\000l\000l\000a\000\040\000C\000o\000m\000p\000l\000i\000a\000n\000c\000e\000\040\000I\000n\000t\000e\000g\000r\000a\000t\000a\000:\000\040\000M\000o\000d\000e\000l\000l\000a\000z\000i\000o\000n\000e\000\040\000e\000\040\000V\000a\000l\000i\000d\000a\000z\000i\000o\000n\000e}{section.4.5}% 64
\BOOKMARK [1][]{section.4.6}{\376\377\000C\000a\000s\000e\000\040\000S\000t\000u\000d\000y\000:\000\040\000T\000r\000a\000s\000f\000o\000r\000m\000a\000z\000i\000o\000n\000e\000\040\000d\000e\000l\000l\000a\000\040\000C\000o\000m\000p\000l\000i\000a\000n\000c\000e\000\040\000i\000n\000\040\000R\000e\000t\000a\000i\000l\000C\000o}{chapter.4}% 65
\BOOKMARK [2][]{subsection.4.6.1}{\376\377\000C\000o\000n\000t\000e\000s\000t\000o\000\040\000O\000r\000g\000a\000n\000i\000z\000z\000a\000t\000i\000v\000o\000\040\000e\000\040\000S\000f\000i\000d\000e\000\040\000I\000n\000i\000z\000i\000a\000l\000i}{section.4.6}% 66
\BOOKMARK [2][]{subsection.4.6.2}{\376\377\000I\000m\000p\000l\000e\000m\000e\000n\000t\000a\000z\000i\000o\000n\000e\000\040\000d\000e\000l\000\040\000F\000r\000a\000m\000e\000w\000o\000r\000k\000\040\000I\000n\000t\000e\000g\000r\000a\000t\000o}{section.4.6}% 67
\BOOKMARK [2][]{subsection.4.6.3}{\376\377\000R\000i\000s\000u\000l\000t\000a\000t\000i\000\040\000e\000\040\000L\000e\000s\000s\000o\000n\000\040\000L\000e\000a\000r\000n\000e\000d}{section.4.6}% 68
\BOOKMARK [1][]{section.4.7}{\376\377\000S\000f\000i\000d\000e\000\040\000E\000m\000e\000r\000g\000e\000n\000t\000i\000\040\000e\000\040\000P\000r\000o\000s\000p\000e\000t\000t\000i\000v\000e\000\040\000F\000u\000t\000u\000r\000e}{chapter.4}% 69
\BOOKMARK [2][]{subsection.4.7.1}{\376\377\000L\000'\000I\000m\000p\000a\000t\000t\000o\000\040\000d\000e\000l\000l\000'\000I\000n\000t\000e\000l\000l\000i\000g\000e\000n\000z\000a\000\040\000A\000r\000t\000i\000f\000i\000c\000i\000a\000l\000e\000\040\000s\000u\000l\000l\000a\000\040\000C\000o\000m\000p\000l\000i\000a\000n\000c\000e}{section.4.7}% 70
\BOOKMARK [2][]{subsection.4.7.2}{\376\377\000E\000v\000o\000l\000u\000z\000i\000o\000n\000e\000\040\000d\000e\000l\000\040\000P\000a\000n\000o\000r\000a\000m\000a\000\040\000N\000o\000r\000m\000a\000t\000i\000v\000o}{section.4.7}% 71
\BOOKMARK [1][]{section.4.8}{\376\377\000C\000o\000n\000c\000l\000u\000s\000i\000o\000n\000i\000\040\000e\000\040\000I\000m\000p\000l\000i\000c\000a\000z\000i\000o\000n\000i\000\040\000p\000e\000r\000\040\000l\000a\000\040\000R\000i\000c\000e\000r\000c\000a}{chapter.4}% 72
\BOOKMARK [2][]{subsection.4.8.1}{\376\377\000S\000i\000n\000t\000e\000s\000i\000\040\000d\000e\000l\000l\000e\000\040\000E\000v\000i\000d\000e\000n\000z\000e\000\040\000p\000e\000r\000\040\000l\000a\000\040\000V\000a\000l\000i\000d\000a\000z\000i\000o\000n\000e\000\040\000d\000e\000l\000l\000'\000I\000p\000o\000t\000e\000s\000i\000\040\000H\0003}{section.4.8}% 73
\BOOKMARK [2][]{subsection.4.8.2}{\376\377\000C\000o\000n\000t\000r\000i\000b\000u\000t\000i\000\040\000T\000e\000o\000r\000i\000c\000i\000\040\000e\000\040\000P\000r\000a\000t\000i\000c\000i}{section.4.8}% 74
\BOOKMARK [2][]{subsection.4.8.3}{\376\377\000B\000r\000i\000d\000g\000e\000\040\000v\000e\000r\000s\000o\000\040\000l\000e\000\040\000C\000o\000n\000c\000l\000u\000s\000i\000o\000n\000i}{section.4.8}% 75
\BOOKMARK [1][]{figure.caption.23}{\376\377\000R\000i\000f\000e\000r\000i\000m\000e\000n\000t\000i\000\040\000B\000i\000b\000l\000i\000o\000g\000r\000a\000f\000i\000c\000i}{chapter.4}% 76
\BOOKMARK [0][]{chapter.5}{\376\377\000S\000i\000n\000t\000e\000s\000i\000\040\000e\000\040\000D\000i\000r\000e\000z\000i\000o\000n\000i\000\040\000S\000t\000r\000a\000t\000e\000g\000i\000c\000h\000e\000:\000\040\000D\000a\000l\000\040\000F\000r\000a\000m\000e\000w\000o\000r\000k\000\040\000a\000l\000l\000a\000\040\000T\000r\000a\000s\000f\000o\000r\000m\000a\000z\000i\000o\000n\000e}{}% 77
\BOOKMARK [1][]{section.5.1}{\376\377\000C\000o\000n\000s\000o\000l\000i\000d\000a\000m\000e\000n\000t\000o\000\040\000d\000e\000l\000l\000e\000\040\000E\000v\000i\000d\000e\000n\000z\000e\000\040\000E\000m\000p\000i\000r\000i\000c\000h\000e}{chapter.5}% 78
\BOOKMARK [2][]{subsection.5.1.1}{\376\377\000V\000a\000l\000i\000d\000a\000z\000i\000o\000n\000e\000\040\000C\000o\000m\000p\000l\000e\000s\000s\000i\000v\000a\000\040\000d\000e\000l\000l\000e\000\040\000I\000p\000o\000t\000e\000s\000i\000\040\000d\000i\000\040\000R\000i\000c\000e\000r\000c\000a}{section.5.1}% 79
\BOOKMARK [2][]{subsection.5.1.2}{\376\377\000S\000i\000n\000e\000r\000g\000i\000e\000\040\000C\000r\000o\000s\000s\000-\000D\000i\000m\000e\000n\000s\000i\000o\000n\000a\000l\000i\000\040\000n\000e\000l\000\040\000F\000r\000a\000m\000e\000w\000o\000r\000k\000\040\000G\000I\000S\000T}{section.5.1}% 80
\BOOKMARK [1][]{section.5.2}{\376\377\000I\000l\000\040\000F\000r\000a\000m\000e\000w\000o\000r\000k\000\040\000G\000I\000S\000T\000\040\000V\000a\000l\000i\000d\000a\000t\000o\000:\000\040\000S\000t\000r\000u\000m\000e\000n\000t\000o\000\040\000O\000p\000e\000r\000a\000t\000i\000v\000o\000\040\000p\000e\000r\000\040\000l\000a\000\040\000T\000r\000a\000s\000f\000o\000r\000m\000a\000z\000i\000o\000n\000e}{chapter.5}% 81
\BOOKMARK [2][]{subsection.5.2.1}{\376\377\000A\000r\000c\000h\000i\000t\000e\000t\000t\000u\000r\000a\000\040\000C\000o\000n\000c\000e\000t\000t\000u\000a\000l\000e\000\040\000e\000\040\000C\000o\000m\000p\000o\000n\000e\000n\000t\000i}{section.5.2}% 82
\BOOKMARK [2][]{subsection.5.2.2}{\376\377\000U\000t\000i\000l\000i\000z\000z\000o\000\040\000P\000r\000a\000t\000i\000c\000o\000\040\000d\000e\000l\000\040\000F\000r\000a\000m\000e\000w\000o\000r\000k}{section.5.2}% 83
\BOOKMARK [1][]{section.5.3}{\376\377\000R\000o\000a\000d\000m\000a\000p\000\040\000I\000m\000p\000l\000e\000m\000e\000n\000t\000a\000t\000i\000v\000a\000:\000\040\000B\000e\000s\000t\000\040\000P\000r\000a\000c\000t\000i\000c\000e\000\040\000e\000\040\000P\000a\000t\000t\000e\000r\000n\000\040\000d\000i\000\040\000S\000u\000c\000c\000e\000s\000s\000o}{chapter.5}% 84
\BOOKMARK [2][]{subsection.5.3.1}{\376\377\000F\000r\000a\000m\000e\000w\000o\000r\000k\000\040\000T\000e\000m\000p\000o\000r\000a\000l\000e\000\040\000O\000t\000t\000i\000m\000i\000z\000z\000a\000t\000o}{section.5.3}% 85
\BOOKMARK [2][]{subsection.5.3.2}{\376\377\000G\000e\000s\000t\000i\000o\000n\000e\000\040\000d\000e\000l\000\040\000C\000a\000m\000b\000i\000a\000m\000e\000n\000t\000o\000\040\000O\000r\000g\000a\000n\000i\000z\000z\000a\000t\000i\000v\000o}{section.5.3}% 86
\BOOKMARK [1][]{section.5.4}{\376\377\000I\000m\000p\000l\000i\000c\000a\000z\000i\000o\000n\000i\000\040\000S\000t\000r\000a\000t\000e\000g\000i\000c\000h\000e\000\040\000p\000e\000r\000\040\000i\000l\000\040\000S\000e\000t\000t\000o\000r\000e}{chapter.5}% 87
\BOOKMARK [2][]{subsection.5.4.1}{\376\377\000E\000v\000o\000l\000u\000z\000i\000o\000n\000e\000\040\000d\000e\000l\000\040\000P\000a\000n\000o\000r\000a\000m\000a\000\040\000C\000o\000m\000p\000e\000t\000i\000t\000i\000v\000o}{section.5.4}% 88
\BOOKMARK [2][]{subsection.5.4.2}{\376\377\000D\000i\000r\000e\000z\000i\000o\000n\000i\000\040\000F\000u\000t\000u\000r\000e\000\040\000e\000\040\000O\000p\000p\000o\000r\000t\000u\000n\000i\000t\000\340\000\040\000E\000m\000e\000r\000g\000e\000n\000t\000i}{section.5.4}% 89
\BOOKMARK [1][]{section.5.5}{\376\377\000C\000o\000n\000c\000l\000u\000s\000i\000o\000n\000i\000\040\000e\000\040\000R\000a\000c\000c\000o\000m\000a\000n\000d\000a\000z\000i\000o\000n\000i\000\040\000F\000i\000n\000a\000l\000i}{chapter.5}% 90
\BOOKMARK [2][]{subsection.5.5.1}{\376\377\000S\000i\000n\000t\000e\000s\000i\000\040\000d\000e\000i\000\040\000C\000o\000n\000t\000r\000i\000b\000u\000t\000i\000\040\000d\000e\000l\000l\000a\000\040\000R\000i\000c\000e\000r\000c\000a}{section.5.5}% 91
\BOOKMARK [2][]{subsection.5.5.2}{\376\377\000L\000i\000m\000i\000t\000a\000z\000i\000o\000n\000i\000\040\000e\000\040\000D\000i\000r\000e\000z\000i\000o\000n\000i\000\040\000p\000e\000r\000\040\000R\000i\000c\000e\000r\000c\000a\000\040\000F\000u\000t\000u\000r\000a}{section.5.5}% 92
\BOOKMARK [2][]{subsection.5.5.3}{\376\377\000M\000e\000s\000s\000a\000g\000g\000i\000o\000\040\000F\000i\000n\000a\000l\000e\000\040\000p\000e\000r\000\040\000i\000\040\000P\000r\000a\000c\000t\000i\000t\000i\000o\000n\000e\000r}{section.5.5}% 93
\BOOKMARK [0][]{appendix.A}{\376\377\000F\000r\000a\000m\000e\000w\000o\000r\000k\000\040\000T\000e\000o\000r\000i\000c\000o\000\040\000e\000\040\000M\000e\000t\000o\000d\000o\000l\000o\000g\000i\000a}{}% 94
\BOOKMARK [1][]{section.A.1}{\376\377\000A\000.\0001\000\040\000F\000r\000a\000m\000e\000w\000o\000r\000k\000\040\000G\000I\000S\000T\000\040\000-\000\040\000M\000o\000d\000e\000l\000l\000o\000\040\000M\000a\000t\000e\000m\000a\000t\000i\000c\000o}{appendix.A}% 95
\BOOKMARK [2][]{subsection.A.1.1}{\376\377\000A\000.\0001\000.\0001\000\040\000F\000o\000r\000m\000u\000l\000a\000z\000i\000o\000n\000e\000\040\000M\000a\000t\000e\000m\000a\000t\000i\000c\000a}{section.A.1}% 96
\BOOKMARK [2][]{subsection.A.1.2}{\376\377\000A\000.\0001\000.\0002\000\040\000C\000a\000l\000i\000b\000r\000a\000z\000i\000o\000n\000e\000\040\000E\000m\000p\000i\000r\000i\000c\000a}{section.A.1}% 97
\BOOKMARK [1][]{section.A.2}{\376\377\000A\000.\0002\000\040\000M\000e\000t\000o\000d\000o\000l\000o\000g\000i\000a\000\040\000d\000i\000\040\000S\000i\000m\000u\000l\000a\000z\000i\000o\000n\000e\000\040\000M\000o\000n\000t\000e\000\040\000C\000a\000r\000l\000o}{appendix.A}% 98
\BOOKMARK [2][]{subsection.A.2.1}{\376\377\000A\000.\0002\000.\0001\000\040\000P\000a\000r\000a\000m\000e\000t\000r\000i\000\040\000P\000r\000i\000n\000c\000i\000p\000a\000l\000i}{section.A.2}% 99
\BOOKMARK [2][]{subsection.A.2.2}{\376\377\000A\000.\0002\000.\0002\000\040\000P\000r\000o\000c\000e\000s\000s\000o\000\040\000d\000i\000\040\000S\000i\000m\000u\000l\000a\000z\000i\000o\000n\000e}{section.A.2}% 100
\BOOKMARK [1][]{section.A.3}{\376\377\000A\000.\0003\000\040\000M\000e\000t\000r\000i\000c\000h\000e\000\040\000d\000i\000\040\000V\000a\000l\000u\000t\000a\000z\000i\000o\000n\000e}{appendix.A}% 101
\BOOKMARK [2][]{subsection.A.3.1}{\376\377\000A\000.\0003\000.\0001\000\040\000A\000S\000S\000A\000\040\000S\000c\000o\000r\000e\000\040\000\050\000A\000g\000g\000r\000e\000g\000a\000t\000e\000d\000\040\000S\000y\000s\000t\000e\000m\000\040\000S\000u\000r\000f\000a\000c\000e\000\040\000A\000t\000t\000a\000c\000k\000\051}{section.A.3}% 102
\BOOKMARK [2][]{subsection.A.3.2}{\376\377\000A\000.\0003\000.\0002\000\040\000M\000o\000d\000e\000l\000l\000o\000\040\000d\000i\000\040\000A\000v\000a\000i\000l\000a\000b\000i\000l\000i\000t\000y}{section.A.3}% 103
\BOOKMARK [0][]{appendix.B}{\376\377\000A\000l\000g\000o\000r\000i\000t\000m\000i\000\040\000e\000\040\000M\000o\000d\000e\000l\000l\000i\000\040\000C\000o\000m\000p\000u\000t\000a\000z\000i\000o\000n\000a\000l\000i}{}% 104
\BOOKMARK [1][]{section.B.1}{\376\377\000B\000.\0001\000\040\000A\000l\000g\000o\000r\000i\000t\000m\000o\000\040\000d\000i\000\040\000O\000t\000t\000i\000m\000i\000z\000z\000a\000z\000i\000o\000n\000e\000\040\000C\000o\000m\000p\000l\000i\000a\000n\000c\000e}{appendix.B}% 105
\BOOKMARK [2][]{subsection.B.1.1}{\376\377\000B\000.\0001\000.\0001\000\040\000P\000s\000e\000u\000d\000o\000c\000o\000d\000i\000c\000e}{section.B.1}% 106
\BOOKMARK [1][]{section.B.2}{\376\377\000B\000.\0002\000\040\000M\000o\000d\000e\000l\000l\000o\000\040\000d\000i\000\040\000S\000i\000m\000u\000l\000a\000z\000i\000o\000n\000e\000\040\000A\000v\000a\000i\000l\000a\000b\000i\000l\000i\000t\000y}{appendix.B}% 107
\BOOKMARK [2][]{subsection.B.2.1}{\376\377\000B\000.\0002\000.\0001\000\040\000P\000s\000e\000u\000d\000o\000c\000o\000d\000i\000c\000e\000\040\000M\000o\000n\000t\000e\000\040\000C\000a\000r\000l\000o}{section.B.2}% 108
\BOOKMARK [1][]{section.B.3}{\376\377\000B\000.\0003\000\040\000C\000a\000l\000c\000o\000l\000o\000\040\000R\000i\000d\000u\000z\000i\000o\000n\000e\000\040\000A\000S\000S\000A\000\040\000c\000o\000n\000\040\000Z\000e\000r\000o\000\040\000T\000r\000u\000s\000t}{appendix.B}% 109
\BOOKMARK [2][]{subsection.B.3.1}{\376\377\000B\000.\0003\000.\0001\000\040\000M\000o\000d\000e\000l\000l\000o\000\040\000M\000a\000t\000e\000m\000a\000t\000i\000c\000o}{section.B.3}% 110
\BOOKMARK [0][]{appendix.C}{\376\377\000R\000i\000s\000u\000l\000t\000a\000t\000i\000\040\000D\000e\000t\000t\000a\000g\000l\000i\000a\000t\000i\000\040\000d\000e\000l\000l\000e\000\040\000S\000i\000m\000u\000l\000a\000z\000i\000o\000n\000i}{}% 111
\BOOKMARK [1][]{section.C.1}{\376\377\000C\000.\0001\000\040\000V\000a\000l\000i\000d\000a\000z\000i\000o\000n\000e\000\040\000I\000p\000o\000t\000e\000s\000i\000\040\000H\0001\000\040\000-\000\040\000A\000r\000c\000h\000i\000t\000e\000t\000t\000u\000r\000e\000\040\000C\000l\000o\000u\000d\000\040\000I\000b\000r\000i\000d\000e}{appendix.C}% 112
\BOOKMARK [2][]{subsection.C.1.1}{\376\377\000C\000.\0001\000.\0001\000\040\000R\000i\000s\000u\000l\000t\000a\000t\000i\000\040\000A\000v\000a\000i\000l\000a\000b\000i\000l\000i\000t\000y}{section.C.1}% 113
\BOOKMARK [2][]{subsection.C.1.2}{\376\377\000C\000.\0001\000.\0002\000\040\000A\000n\000a\000l\000i\000s\000i\000\040\000T\000C\000O}{section.C.1}% 114
\BOOKMARK [1][]{section.C.2}{\376\377\000C\000.\0002\000\040\000V\000a\000l\000i\000d\000a\000z\000i\000o\000n\000e\000\040\000I\000p\000o\000t\000e\000s\000i\000\040\000H\0002\000\040\000-\000\040\000Z\000e\000r\000o\000\040\000T\000r\000u\000s\000t}{appendix.C}% 115
\BOOKMARK [2][]{subsection.C.2.1}{\376\377\000C\000.\0002\000.\0001\000\040\000R\000i\000d\000u\000z\000i\000o\000n\000e\000\040\000S\000u\000p\000e\000r\000f\000i\000c\000i\000e\000\040\000d\000i\000\040\000A\000t\000t\000a\000c\000c\000o}{section.C.2}% 116
\BOOKMARK [2][]{subsection.C.2.2}{\376\377\000C\000.\0002\000.\0002\000\040\000A\000n\000a\000l\000i\000s\000i\000\040\000L\000a\000t\000e\000n\000z\000a}{section.C.2}% 117
\BOOKMARK [1][]{section.C.3}{\376\377\000C\000.\0003\000\040\000V\000a\000l\000i\000d\000a\000z\000i\000o\000n\000e\000\040\000I\000p\000o\000t\000e\000s\000i\000\040\000H\0003\000\040\000-\000\040\000C\000o\000m\000p\000l\000i\000a\000n\000c\000e\000\040\000I\000n\000t\000e\000g\000r\000a\000t\000a}{appendix.C}% 118
\BOOKMARK [2][]{subsection.C.3.1}{\376\377\000C\000.\0003\000.\0001\000\040\000A\000n\000a\000l\000i\000s\000i\000\040\000O\000v\000e\000r\000l\000a\000p\000\040\000R\000e\000q\000u\000i\000s\000i\000t\000i}{section.C.3}% 119
\BOOKMARK [2][]{subsection.C.3.2}{\376\377\000C\000.\0003\000.\0002\000\040\000B\000e\000n\000e\000f\000i\000c\000i\000\040\000E\000c\000o\000n\000o\000m\000i\000c\000i}{section.C.3}% 120
\BOOKMARK [1][]{section.C.4}{\376\377\000C\000.\0004\000\040\000V\000a\000l\000i\000d\000a\000z\000i\000o\000n\000e\000\040\000F\000r\000a\000m\000e\000w\000o\000r\000k\000\040\000G\000I\000S\000T}{appendix.C}% 121
\BOOKMARK [2][]{subsection.C.4.1}{\376\377\000C\000.\0004\000.\0001\000\040\000D\000i\000s\000t\000r\000i\000b\000u\000z\000i\000o\000n\000e\000\040\000S\000c\000o\000r\000e\000\040\000n\000e\000l\000\040\000C\000a\000m\000p\000i\000o\000n\000e}{section.C.4}% 122
\BOOKMARK [2][]{subsection.C.4.2}{\376\377\000C\000.\0004\000.\0002\000\040\000E\000f\000f\000e\000t\000t\000i\000\040\000S\000i\000n\000e\000r\000g\000i\000c\000i}{section.C.4}% 123
\BOOKMARK [2][]{subsection.C.4.3}{\376\377\000C\000.\0004\000.\0003\000\040\000C\000o\000r\000r\000e\000l\000a\000z\000i\000o\000n\000e\000\040\000c\000o\000n\000\040\000O\000u\000t\000c\000o\000m\000e\000\040\000B\000u\000s\000i\000n\000e\000s\000s}{section.C.4}% 124
\BOOKMARK [0][]{appendix.D}{\376\377\000G\000l\000o\000s\000s\000a\000r\000i\000o\000\040\000e\000\040\000A\000c\000r\000o\000n\000i\000m\000i}{}% 125
\BOOKMARK [1][]{section.D.1}{\376\377\000D\000.\0001\000\040\000A\000c\000r\000o\000n\000i\000m\000i\000\040\000P\000r\000i\000n\000c\000i\000p\000a\000l\000i}{appendix.D}% 126
\BOOKMARK [1][]{section.D.2}{\376\377\000D\000.\0002\000\040\000D\000e\000f\000i\000n\000i\000z\000i\000o\000n\000i\000\040\000E\000s\000s\000e\000n\000z\000i\000a\000l\000i}{appendix.D}% 127
\BOOKMARK [0][]{appendix*.43}{\376\377\000B\000i\000b\000l\000i\000o\000g\000r\000a\000f\000i\000a\000\040\000G\000e\000n\000e\000r\000a\000l\000e}{}% 128
